GET /products at time 23:49:33 GMT+0530 (India Standard Time)
GET /favicon.ico at time 23:49:33 GMT+0530 (India Standard Time)
GET / at time 23:49:46 GMT+0530 (India Standard Time)
GET /bootstrap-5.1.3-dist/css/bootstrap.min.css at time 23:49:46 GMT+0530 (India Standard Time)
GET /bootstrap-5.1.3-dist/js/bootstrap.min.js at time 23:49:46 GMT+0530 (India Standard Time)
GET /products at time 23:55:29 GMT+0530 (India Standard Time)
GET /products.ejs at time 23:57:56 GMT+0530 (India Standard Time)
GET /users at time 01:42:59 GMT+0530 (India Standard Time)
POST /users/ at time 09:53:03 GMT+0530 (India Standard Time)
POST /users/ at time 10:00:56 GMT+0530 (India Standard Time)
POST /products at time 10:04:10 GMT+0530 (India Standard Time)
GET /products at time 10:04:28 GMT+0530 (India Standard Time)
GET /favicon.ico at time 10:04:28 GMT+0530 (India Standard Time)
GET /users at time 10:04:50 GMT+0530 (India Standard Time)
POST /users at time 10:05:01 GMT+0530 (India Standard Time)
POST /users at time 10:06:15 GMT+0530 (India Standard Time)
PUT /users/61e0fdbf576f038d9d6313d9 at time 10:06:59 GMT+0530 (India Standard Time)
GET /page/products at time 10:07:25 GMT+0530 (India Standard Time)
GET /page/bootstrap-5.1.3-dist/js/bootstrap.min.js at time 10:07:25 GMT+0530 (India Standard Time)
GET /bootstrap-5.1.3-dist/css/bootstrap.min.css at time 10:07:25 GMT+0530 (India Standard Time)
GET /page/products at time 10:59:37 GMT+0530 (India Standard Time)
GET /page/products at time 10:59:38 GMT+0530 (India Standard Time)
GET /page/products at time 10:59:39 GMT+0530 (India Standard Time)
GET /page/products at time 10:59:39 GMT+0530 (India Standard Time)
GET /page/products at time 10:59:39 GMT+0530 (India Standard Time)
GET /page/products at time 10:59:39 GMT+0530 (India Standard Time)
GET /page/products at time 10:59:39 GMT+0530 (India Standard Time)
GET /page/products at time 10:59:39 GMT+0530 (India Standard Time)
GET /page/products at time 10:59:40 GMT+0530 (India Standard Time)
GET /page/products at time 10:59:40 GMT+0530 (India Standard Time)
GET /page/products at time 11:01:49 GMT+0530 (India Standard Time)
GET /page/products at time 11:01:50 GMT+0530 (India Standard Time)
GET /page/products at time 11:01:50 GMT+0530 (India Standard Time)
GET /page/products at time 11:01:50 GMT+0530 (India Standard Time)
GET /page/products at time 11:01:50 GMT+0530 (India Standard Time)
GET /page/products at time 11:01:52 GMT+0530 (India Standard Time)
GET /page/products at time 11:01:52 GMT+0530 (India Standard Time)
GET /page/products at time 11:09:16 GMT+0530 (India Standard Time)
GET /page/products at time 11:09:16 GMT+0530 (India Standard Time)
GET /page/products at time 11:09:17 GMT+0530 (India Standard Time)
GET /page/products at time 11:09:17 GMT+0530 (India Standard Time)
GET /page/products at time 11:09:17 GMT+0530 (India Standard Time)
GET /page/products at time 11:09:17 GMT+0530 (India Standard Time)
GET /page/products at time 11:09:18 GMT+0530 (India Standard Time)
GET /page/products at time 11:09:18 GMT+0530 (India Standard Time)
GET /page/products at time 11:09:18 GMT+0530 (India Standard Time)
GET /page/products at time 11:09:18 GMT+0530 (India Standard Time)
GET /page/products at time 11:09:18 GMT+0530 (India Standard Time)
GET /page/products at time 11:09:19 GMT+0530 (India Standard Time)
GET /page/products at time 11:09:19 GMT+0530 (India Standard Time)
GET /page/products at time 11:09:19 GMT+0530 (India Standard Time)
GET /page/products at time 11:09:19 GMT+0530 (India Standard Time)
GET /page/products at time 11:10:32 GMT+0530 (India Standard Time)
GET /page/products at time 11:10:32 GMT+0530 (India Standard Time)
GET /page/products at time 11:10:32 GMT+0530 (India Standard Time)
GET /page/products at time 11:10:32 GMT+0530 (India Standard Time)
GET /page/products at time 11:10:33 GMT+0530 (India Standard Time)
GET /page/products at time 11:10:33 GMT+0530 (India Standard Time)
GET /page/products at time 11:27:16 GMT+0530 (India Standard Time)
GET /page/products at time 11:27:17 GMT+0530 (India Standard Time)
GET /page/products at time 11:27:17 GMT+0530 (India Standard Time)
GET /page/products at time 11:27:18 GMT+0530 (India Standard Time)
GET /page/products at time 11:33:28 GMT+0530 (India Standard Time)
GET /favicon.ico at time 11:33:28 GMT+0530 (India Standard Time)
GET /page/products at time 11:34:55 GMT+0530 (India Standard Time)
GET /bootstrap-5.1.3-dist/css/bootstrap.min.css at time 11:34:55 GMT+0530 (India Standard Time)
GET /page/bootstrap-5.1.3-dist/js/bootstrap.min.js at time 11:34:55 GMT+0530 (India Standard Time)
GET /page/products at time 11:41:44 GMT+0530 (India Standard Time)
GET /bootstrap-5.1.3-dist/css/bootstrap.min.css at time 11:41:44 GMT+0530 (India Standard Time)
GET /page/bootstrap-5.1.3-dist/js/bootstrap.min.js at time 11:41:44 GMT+0530 (India Standard Time)
GET /page/products at time 11:41:45 GMT+0530 (India Standard Time)
GET /bootstrap-5.1.3-dist/css/bootstrap.min.css at time 11:41:45 GMT+0530 (India Standard Time)
GET /page/bootstrap-5.1.3-dist/js/bootstrap.min.js at time 11:41:45 GMT+0530 (India Standard Time)
GET /page/products at time 11:41:45 GMT+0530 (India Standard Time)
GET /bootstrap-5.1.3-dist/css/bootstrap.min.css at time 11:41:45 GMT+0530 (India Standard Time)
GET /page/bootstrap-5.1.3-dist/js/bootstrap.min.js at time 11:41:45 GMT+0530 (India Standard Time)
GET /page/products at time 11:41:45 GMT+0530 (India Standard Time)
GET /bootstrap-5.1.3-dist/css/bootstrap.min.css at time 11:41:45 GMT+0530 (India Standard Time)
GET /page/bootstrap-5.1.3-dist/js/bootstrap.min.js at time 11:41:45 GMT+0530 (India Standard Time)
GET /page/products at time 11:41:46 GMT+0530 (India Standard Time)
GET /bootstrap-5.1.3-dist/css/bootstrap.min.css at time 11:41:46 GMT+0530 (India Standard Time)
GET /page/bootstrap-5.1.3-dist/js/bootstrap.min.js at time 11:41:46 GMT+0530 (India Standard Time)
GET /products at time 12:17:38 GMT+0530 (India Standard Time)
GET /users at time 12:17:57 GMT+0530 (India Standard Time)
GET /products at time 12:18:05 GMT+0530 (India Standard Time)
GET /products at time 12:20:16 GMT+0530 (India Standard Time)
PUT /products/61e0fdbf576f038d9d6313d9/reviews at time 12:50:55 GMT+0530 (India Standard Time)
POST /products/61e0fdbf576f038d9d6313d9/reviews at time 12:53:17 GMT+0530 (India Standard Time)
POST /products/61e0fdbf576f038d9d6313d9/reviews at time 12:53:19 GMT+0530 (India Standard Time)
POST /products/61e0fdbf576f038d9d6313d9/reviews at time 12:53:19 GMT+0530 (India Standard Time)
POST /products/61e0fdbf576f038d9d6313d9/reviews at time 12:53:20 GMT+0530 (India Standard Time)
POST /products at time 12:58:43 GMT+0530 (India Standard Time)
POST /users at time 13:02:27 GMT+0530 (India Standard Time)
POST /users at time 13:02:38 GMT+0530 (India Standard Time)
POST /users at time 13:02:39 GMT+0530 (India Standard Time)
POST /users at time 13:02:40 GMT+0530 (India Standard Time)
POST /products at time 13:02:58 GMT+0530 (India Standard Time)
GET /products at time 13:03:14 GMT+0530 (India Standard Time)
GET /products at time 13:03:16 GMT+0530 (India Standard Time)
POST /products/61dfc726d2a1389ba1dfe4b4 at time 13:04:04 GMT+0530 (India Standard Time)
POST /users at time 13:04:24 GMT+0530 (India Standard Time)
GET /products at time 13:07:08 GMT+0530 (India Standard Time)
GET /products at time 13:07:09 GMT+0530 (India Standard Time)
GET /products at time 13:07:10 GMT+0530 (India Standard Time)
GET /products at time 13:07:10 GMT+0530 (India Standard Time)
GET /users at time 13:07:17 GMT+0530 (India Standard Time)
GET /users at time 13:08:07 GMT+0530 (India Standard Time)
GET /users/61de76e4f57e142ce13ccbde/reviews at time 13:09:31 GMT+0530 (India Standard Time)
POST /products/61de76e4f57e142ce13ccbde/reviews at time 13:10:26 GMT+0530 (India Standard Time)
POST /products/61de76e4f57e142ce13ccbde/reviews at time 13:10:34 GMT+0530 (India Standard Time)
POST /products/61de76e4f57e142ce13ccbde/reviews at time 13:10:39 GMT+0530 (India Standard Time)
GET /products at time 13:10:52 GMT+0530 (India Standard Time)
GET /products at time 13:11:09 GMT+0530 (India Standard Time)
GET /products at time 13:17:44 GMT+0530 (India Standard Time)
GET /products at time 13:19:08 GMT+0530 (India Standard Time)
GET /products at time 13:19:41 GMT+0530 (India Standard Time)
GET /products at time 13:21:38 GMT+0530 (India Standard Time)
GET /products at time 13:22:29 GMT+0530 (India Standard Time)
GET /products at time 13:22:33 GMT+0530 (India Standard Time)
GET /products at time 13:23:06 GMT+0530 (India Standard Time)
GET /products at time 13:23:14 GMT+0530 (India Standard Time)
POST /products/61de56eff57e142ce13ccbd3/reviews at time 13:24:12 GMT+0530 (India Standard Time)
GET /products at time 14:35:45 GMT+0530 (India Standard Time)
POST /products/61de56eff57e142ce13ccbd3/reviews at time 16:45:44 GMT+0530 (India Standard Time)
POST /users at time 16:46:15 GMT+0530 (India Standard Time)
GET /products at time 16:50:02 GMT+0530 (India Standard Time)
GET /users at time 16:52:41 GMT+0530 (India Standard Time)
GET /user at time 16:52:48 GMT+0530 (India Standard Time)
GET /users at time 16:52:54 GMT+0530 (India Standard Time)
GET /users/ at time 16:53:00 GMT+0530 (India Standard Time)
GET /users/61de76e4f57e142ce13ccbde/reviews at time 16:53:19 GMT+0530 (India Standard Time)
GET /products/61de76e4f57e142ce13ccbde/reviews at time 16:53:40 GMT+0530 (India Standard Time)
GET /products/61de76e4f57e142ce13ccbde/reviews at time 16:53:41 GMT+0530 (India Standard Time)
GET /products/61de76e4f57e142ce13ccbde/reviews at time 16:53:42 GMT+0530 (India Standard Time)
GET /users at time 16:58:11 GMT+0530 (India Standard Time)
GET /users at time 17:00:49 GMT+0530 (India Standard Time)
GET /users at time 17:09:54 GMT+0530 (India Standard Time)
GET /auth/login at time 17:10:15 GMT+0530 (India Standard Time)
GET /users at time 17:11:37 GMT+0530 (India Standard Time)
